{"E:\\StreamerVChat\\src\\_mail_management\\usecases\\index.js": {"path":"E:\\StreamerVChat\\src\\_mail_management\\usecases\\index.js","statementMap":{},"fnMap":{},"branchMap":{},"s":{},"f":{},"b":{},"inputSourceMap":null,"_coverageSchema":"1a1c01bbd47fc00a2c39e90264f33305004495a9","hash":"230bf24d83d11f9634d190b908d041ac6c48e615"}
,"E:\\StreamerVChat\\src\\_mail_management\\usecases\\sendMail.js": {"path":"E:\\StreamerVChat\\src\\_mail_management\\usecases\\sendMail.js","statementMap":{"0":{"start":{"line":6,"column":20},"end":{"line":15,"column":1}},"1":{"start":{"line":7,"column":17},"end":{"line":12,"column":5}},"2":{"start":{"line":13,"column":4},"end":{"line":13,"column":15}},"3":{"start":{"line":17,"column":24},"end":{"line":48,"column":1}},"4":{"start":{"line":19,"column":4},"end":{"line":21,"column":5}},"5":{"start":{"line":20,"column":8},"end":{"line":20,"column":66}},"6":{"start":{"line":23,"column":21},"end":{"line":23,"column":45}},"7":{"start":{"line":25,"column":4},"end":{"line":25,"column":64}},"8":{"start":{"line":27,"column":4},"end":{"line":30,"column":5}},"9":{"start":{"line":28,"column":8},"end":{"line":28,"column":107}},"10":{"start":{"line":29,"column":8},"end":{"line":29,"column":67}},"11":{"start":{"line":32,"column":4},"end":{"line":47,"column":5}},"12":{"start":{"line":33,"column":18},"end":{"line":33,"column":51}},"13":{"start":{"line":34,"column":8},"end":{"line":36,"column":9}},"14":{"start":{"line":35,"column":12},"end":{"line":35,"column":84}},"15":{"start":{"line":37,"column":8},"end":{"line":37,"column":88}},"16":{"start":{"line":38,"column":8},"end":{"line":38,"column":44}},"17":{"start":{"line":42,"column":22},"end":{"line":42,"column":37}},"18":{"start":{"line":43,"column":8},"end":{"line":43,"column":59}},"19":{"start":{"line":43,"column":36},"end":{"line":43,"column":59}},"20":{"start":{"line":44,"column":8},"end":{"line":44,"column":85}},"21":{"start":{"line":45,"column":8},"end":{"line":45,"column":74}},"22":{"start":{"line":46,"column":8},"end":{"line":46,"column":40}}},"fnMap":{"0":{"name":"(anonymous_0)","decl":{"start":{"line":6,"column":20},"end":{"line":6,"column":21}},"loc":{"start":{"line":6,"column":33},"end":{"line":15,"column":1}},"line":6},"1":{"name":"(anonymous_1)","decl":{"start":{"line":17,"column":24},"end":{"line":17,"column":25}},"loc":{"start":{"line":17,"column":48},"end":{"line":48,"column":1}},"line":17}},"branchMap":{"0":{"loc":{"start":{"line":8,"column":14},"end":{"line":8,"column":39}},"type":"cond-expr","locations":[{"start":{"line":8,"column":25},"end":{"line":8,"column":34}},{"start":{"line":8,"column":37},"end":{"line":8,"column":39}}],"line":8},"1":{"loc":{"start":{"line":9,"column":12},"end":{"line":9,"column":41}},"type":"cond-expr","locations":[{"start":{"line":9,"column":25},"end":{"line":9,"column":36}},{"start":{"line":9,"column":39},"end":{"line":9,"column":41}}],"line":9},"2":{"loc":{"start":{"line":19,"column":4},"end":{"line":21,"column":5}},"type":"if","locations":[{"start":{"line":19,"column":4},"end":{"line":21,"column":5}},{"start":{},"end":{}}],"line":19},"3":{"loc":{"start":{"line":27,"column":4},"end":{"line":30,"column":5}},"type":"if","locations":[{"start":{"line":27,"column":4},"end":{"line":30,"column":5}},{"start":{},"end":{}}],"line":27},"4":{"loc":{"start":{"line":27,"column":8},"end":{"line":27,"column":85}},"type":"binary-expr","locations":[{"start":{"line":27,"column":8},"end":{"line":27,"column":46}},{"start":{"line":27,"column":50},"end":{"line":27,"column":85}}],"line":27},"5":{"loc":{"start":{"line":34,"column":8},"end":{"line":36,"column":9}},"type":"if","locations":[{"start":{"line":34,"column":8},"end":{"line":36,"column":9}},{"start":{},"end":{}}],"line":34},"6":{"loc":{"start":{"line":43,"column":8},"end":{"line":43,"column":59}},"type":"if","locations":[{"start":{"line":43,"column":8},"end":{"line":43,"column":59}},{"start":{},"end":{}}],"line":43}},"s":{"0":1,"1":1,"2":1,"3":1,"4":1,"5":0,"6":1,"7":1,"8":1,"9":0,"10":0,"11":1,"12":1,"13":1,"14":1,"15":1,"16":1,"17":0,"18":0,"19":0,"20":0,"21":0,"22":0},"f":{"0":1,"1":1},"b":{"0":[1,0],"1":[1,0],"2":[0,1],"3":[0,1],"4":[1,1],"5":[1,0],"6":[0,0]},"inputSourceMap":null,"_coverageSchema":"1a1c01bbd47fc00a2c39e90264f33305004495a9","hash":"90b94977b7b4003d660e4af19ce77c2b02ab6c5f"}
,"E:\\StreamerVChat\\src\\_user_management\\usecases\\registerUser.js": {"path":"E:\\StreamerVChat\\src\\_user_management\\usecases\\registerUser.js","statementMap":{"0":{"start":{"line":2,"column":28},"end":{"line":15,"column":1}},"1":{"start":{"line":3,"column":4},"end":{"line":5,"column":5}},"2":{"start":{"line":4,"column":8},"end":{"line":4,"column":28}},"3":{"start":{"line":7,"column":25},"end":{"line":12,"column":5}},"4":{"start":{"line":14,"column":4},"end":{"line":14,"column":24}},"5":{"start":{"line":17,"column":20},"end":{"line":30,"column":1}},"6":{"start":{"line":18,"column":4},"end":{"line":29,"column":5}},"7":{"start":{"line":26,"column":8},"end":{"line":26,"column":20}},"8":{"start":{"line":28,"column":8},"end":{"line":28,"column":19}}},"fnMap":{"0":{"name":"(anonymous_0)","decl":{"start":{"line":2,"column":28},"end":{"line":2,"column":29}},"loc":{"start":{"line":2,"column":37},"end":{"line":15,"column":1}},"line":2},"1":{"name":"(anonymous_1)","decl":{"start":{"line":17,"column":20},"end":{"line":17,"column":21}},"loc":{"start":{"line":17,"column":29},"end":{"line":30,"column":1}},"line":17}},"branchMap":{"0":{"loc":{"start":{"line":3,"column":4},"end":{"line":5,"column":5}},"type":"if","locations":[{"start":{"line":3,"column":4},"end":{"line":5,"column":5}},{"start":{},"end":{}}],"line":3},"1":{"loc":{"start":{"line":18,"column":4},"end":{"line":29,"column":5}},"type":"if","locations":[{"start":{"line":18,"column":4},"end":{"line":29,"column":5}},{"start":{"line":27,"column":11},"end":{"line":29,"column":5}}],"line":18},"2":{"loc":{"start":{"line":19,"column":8},"end":{"line":23,"column":37}},"type":"binary-expr","locations":[{"start":{"line":19,"column":8},"end":{"line":19,"column":13}},{"start":{"line":20,"column":8},"end":{"line":20,"column":36}},{"start":{"line":21,"column":8},"end":{"line":21,"column":37}},{"start":{"line":22,"column":8},"end":{"line":22,"column":39}},{"start":{"line":23,"column":8},"end":{"line":23,"column":37}}],"line":19}},"s":{"0":1,"1":1,"2":1,"3":0,"4":0,"5":1,"6":1,"7":1,"8":0},"f":{"0":1,"1":1},"b":{"0":[1,0],"1":[1,0],"2":[1,1,1,0,0]},"inputSourceMap":null,"_coverageSchema":"1a1c01bbd47fc00a2c39e90264f33305004495a9","hash":"2d6ca149c2a65f6413dd7c6d02fea49098654047"}
,"E:\\StreamerVChat\\src\\gateways\\mailer_gateway.js": {"path":"E:\\StreamerVChat\\src\\gateways\\mailer_gateway.js","statementMap":{"0":{"start":{"line":4,"column":22},"end":{"line":16,"column":4}}},"fnMap":{},"branchMap":{},"s":{"0":1},"f":{},"b":{},"inputSourceMap":null,"_coverageSchema":"1a1c01bbd47fc00a2c39e90264f33305004495a9","hash":"73b2595bef861ec308860391ed4cce60cbe5cf7b"}
,"E:\\StreamerVChat\\src\\repositories\\mailRepository.js": {"path":"E:\\StreamerVChat\\src\\repositories\\mailRepository.js","statementMap":{"0":{"start":{"line":2,"column":15},"end":{"line":2,"column":33}},"1":{"start":{"line":4,"column":12},"end":{"line":15,"column":1}},"2":{"start":{"line":5,"column":4},"end":{"line":5,"column":22}},"3":{"start":{"line":6,"column":4},"end":{"line":6,"column":30}},"4":{"start":{"line":7,"column":4},"end":{"line":14,"column":6}}},"fnMap":{"0":{"name":"(anonymous_0)","decl":{"start":{"line":4,"column":12},"end":{"line":4,"column":13}},"loc":{"start":{"line":4,"column":42},"end":{"line":15,"column":1}},"line":4}},"branchMap":{},"s":{"0":1,"1":1,"2":1,"3":1,"4":1},"f":{"0":1},"b":{},"inputSourceMap":null,"_coverageSchema":"1a1c01bbd47fc00a2c39e90264f33305004495a9","hash":"7d708219c0e6541104f3f25cb8c233376d8217f1"}
,"E:\\StreamerVChat\\src\\utils\\envConfigLoader.js": {"path":"E:\\StreamerVChat\\src\\utils\\envConfigLoader.js","statementMap":{"0":{"start":{"line":2,"column":0},"end":{"line":2,"column":16}},"1":{"start":{"line":4,"column":20},"end":{"line":4,"column":36}},"2":{"start":{"line":5,"column":25},"end":{"line":5,"column":46}},"3":{"start":{"line":7,"column":25},"end":{"line":7,"column":46}},"4":{"start":{"line":8,"column":27},"end":{"line":8,"column":50}},"5":{"start":{"line":9,"column":25},"end":{"line":9,"column":46}},"6":{"start":{"line":10,"column":25},"end":{"line":10,"column":46}},"7":{"start":{"line":11,"column":25},"end":{"line":11,"column":46}},"8":{"start":{"line":12,"column":27},"end":{"line":12,"column":50}}},"fnMap":{},"branchMap":{},"s":{"0":1,"1":1,"2":1,"3":1,"4":1,"5":1,"6":1,"7":1,"8":1},"f":{},"b":{},"inputSourceMap":null,"_coverageSchema":"1a1c01bbd47fc00a2c39e90264f33305004495a9","hash":"64587dc98e6d0c4ae7bd788ac31207e1ceea6e23"}
,"E:\\StreamerVChat\\src\\utils\\logger.js": {"path":"E:\\StreamerVChat\\src\\utils\\logger.js","statementMap":{"0":{"start":{"line":3,"column":21},"end":{"line":5,"column":2}},"1":{"start":{"line":4,"column":4},"end":{"line":4,"column":45}},"2":{"start":{"line":7,"column":20},"end":{"line":19,"column":1}},"3":{"start":{"line":8,"column":4},"end":{"line":18,"column":5}},"4":{"start":{"line":21,"column":26},"end":{"line":29,"column":1}},"5":{"start":{"line":31,"column":29},"end":{"line":39,"column":1}}},"fnMap":{"0":{"name":"(anonymous_0)","decl":{"start":{"line":3,"column":35},"end":{"line":3,"column":36}},"loc":{"start":{"line":3,"column":67},"end":{"line":5,"column":1}},"line":3},"1":{"name":"(anonymous_1)","decl":{"start":{"line":7,"column":20},"end":{"line":7,"column":21}},"loc":{"start":{"line":7,"column":46},"end":{"line":19,"column":1}},"line":7}},"branchMap":{},"s":{"0":1,"1":2,"2":1,"3":2,"4":1,"5":1},"f":{"0":2,"1":2},"b":{},"inputSourceMap":null,"_coverageSchema":"1a1c01bbd47fc00a2c39e90264f33305004495a9","hash":"c73351852cea212402f0c359e756706be919eb49"}
}
