TN:
SF:src\_mail_management\usecases\index.js
FNF:0
FNH:0
LF:0
LH:0
BRF:0
BRH:0
end_of_record
TN:
SF:src\_mail_management\usecases\sendMail.js
FN:6,(anonymous_0)
FN:17,(anonymous_1)
FNF:2
FNH:2
FNDA:1,(anonymous_0)
FNDA:1,(anonymous_1)
DA:6,1
DA:7,1
DA:13,1
DA:17,1
DA:19,1
DA:20,0
DA:23,1
DA:25,1
DA:27,1
DA:28,0
DA:29,0
DA:32,1
DA:33,1
DA:34,1
DA:35,1
DA:37,1
DA:38,1
DA:42,0
DA:43,0
DA:44,0
DA:45,0
DA:46,0
LF:22
LH:14
BRDA:8,0,0,1
BRDA:8,0,1,0
BRDA:9,1,0,1
BRDA:9,1,1,0
BRDA:19,2,0,0
BRDA:19,2,1,1
BRDA:27,3,0,0
BRDA:27,3,1,1
BRDA:27,4,0,1
BRDA:27,4,1,1
BRDA:34,5,0,1
BRDA:34,5,1,0
BRDA:43,6,0,0
BRDA:43,6,1,0
BRF:14
BRH:7
end_of_record
TN:
SF:src\_user_management\usecases\registerUser.js
FN:2,(anonymous_0)
FN:17,(anonymous_1)
FNF:2
FNH:2
FNDA:1,(anonymous_0)
FNDA:1,(anonymous_1)
DA:2,1
DA:3,1
DA:4,1
DA:7,0
DA:14,0
DA:17,1
DA:18,1
DA:26,1
DA:28,0
LF:9
LH:6
BRDA:3,0,0,1
BRDA:3,0,1,0
BRDA:18,1,0,1
BRDA:18,1,1,0
BRDA:19,2,0,1
BRDA:19,2,1,1
BRDA:19,2,2,1
BRDA:19,2,3,0
BRDA:19,2,4,0
BRF:9
BRH:5
end_of_record
TN:
SF:src\gateways\mailer_gateway.js
FNF:0
FNH:0
DA:4,1
LF:1
LH:1
BRF:0
BRH:0
end_of_record
TN:
SF:src\repositories\mailRepository.js
FN:4,(anonymous_0)
FNF:1
FNH:1
FNDA:1,(anonymous_0)
DA:2,1
DA:4,1
DA:5,1
DA:6,1
DA:7,1
LF:5
LH:5
BRF:0
BRH:0
end_of_record
TN:
SF:src\utils\envConfigLoader.js
FNF:0
FNH:0
DA:2,1
DA:4,1
DA:5,1
DA:7,1
DA:8,1
DA:9,1
DA:10,1
DA:11,1
DA:12,1
LF:9
LH:9
BRF:0
BRH:0
end_of_record
TN:
SF:src\utils\logger.js
FN:3,(anonymous_0)
FN:7,(anonymous_1)
FNF:2
FNH:2
FNDA:2,(anonymous_0)
FNDA:2,(anonymous_1)
DA:3,1
DA:4,2
DA:7,1
DA:8,2
DA:21,1
DA:31,1
LF:6
LH:6
BRF:0
BRH:0
end_of_record
